  源.cpp
D:\code\CPP\CPP_1\CPP_1\源.cpp(250,5): error C2084: 函数“int main(void)”已有主体
D:\code\CPP\CPP_1\CPP_1\源.cpp(233): message : 参见“main”的前一个定义
D:\code\CPP\CPP_1\CPP_1\源.cpp(272,9): error C2374: “s1”: 重定义；多次初始化
D:\code\CPP\CPP_1\CPP_1\源.cpp(270): message : 参见“s1”的声明
D:\code\CPP\CPP_1\CPP_1\源.cpp(272,28): error C2374: “s2”: 重定义；多次初始化
D:\code\CPP\CPP_1\CPP_1\源.cpp(270): message : 参见“s2”的声明
D:\code\CPP\CPP_1\CPP_1\源.cpp(278,28): error C2110: “+”: 不能添加两个指针
D:\code\CPP\CPP_1\CPP_1\源.cpp(281,29): error C2110: “+”: 不能添加两个指针
D:\code\CPP\CPP_1\CPP_1\源.cpp(345,13): error C2440: “初始化”: 无法从“char *”转换为“int *”
D:\code\CPP\CPP_1\CPP_1\源.cpp(345,9): message : 与指向的类型无关；强制转换要求 reinterpret_cast、C 样式强制转换或函数样式强制转换
D:\code\CPP\CPP_1\CPP_1\源.cpp(350,7): error C2086: “char c”: 重定义
D:\code\CPP\CPP_1\CPP_1\源.cpp(338): message : 参见“c”的声明
D:\code\CPP\CPP_1\CPP_1\源.cpp(358,7): error C2374: “p”: 重定义；多次初始化
D:\code\CPP\CPP_1\CPP_1\源.cpp(345): message : 参见“p”的声明
D:\code\CPP\CPP_1\CPP_1\源.cpp(363,7): error C2374: “p”: 重定义；多次初始化
D:\code\CPP\CPP_1\CPP_1\源.cpp(345): message : 参见“p”的声明
D:\code\CPP\CPP_1\CPP_1\源.cpp(368,7): error C2374: “p”: 重定义；多次初始化
D:\code\CPP\CPP_1\CPP_1\源.cpp(345): message : 参见“p”的声明
D:\code\CPP\CPP_1\CPP_1\源.cpp(369,7): error C2372: “p”: 重定义；不同的间接寻址类型
D:\code\CPP\CPP_1\CPP_1\源.cpp(345): message : 参见“p”的声明
